Começo dos testes DEPLOY SWARM (DOCKERHUB) em: 2021-09-13 às 20:03:40
DEPLOY APP (suitecrm) e DB em: 2021-09-13 às 20:03:40
Creating network suitecrm_geral_default
Creating service suitecrm_geral_suitecrm
Creating service suitecrm_geral_mariadb
Sleep de 10s
Finalização da rodada DEPLOY APP (suitecrm) e DB (mariaDB) em: 2021-09-13 às 20:03:57
Começo dos testes DEPLOY SWARM (DOCKERHUB) em: 2021-09-13 às 20:13:28
DEPLOY APP (suitecrm) e DB em: 2021-09-13 às 20:13:28
Creating network suitecrm_geral_default
Creating service suitecrm_geral_mariadb
Creating service suitecrm_geral_suitecrm
Sleep de 10s
Finalização da rodada DEPLOY APP (suitecrm) e DB (mariaDB) em: 2021-09-13 às 20:13:44
Começo dos testes DEPLOY SWARM (DOCKERHUB) em: 2021-09-13 às 20:18:57
DEPLOY APP (suitecrm) e DB em: 2021-09-13 às 20:18:57
Creating network suitecrm_geral_default
Creating service suitecrm_geral_suitecrm
Creating service suitecrm_geral_mariadb
Sleep de 10s
Finalização da rodada DEPLOY APP (suitecrm) e DB (mariaDB) em: 2021-09-13 às 20:19:14
Começo dos testes DEPLOY SWARM (DOCKERHUB) em: 2021-09-13 às 21:10:21
DEPLOY APP (suitecrm) e DB em: 2021-09-13 às 21:10:21
Creating network suitecrm_geral_default
Creating service suitecrm_geral_mariadb
Creating service suitecrm_geral_suitecrm
Sleep de 10s
Finalização da rodada DEPLOY APP (suitecrm) e DB (mariaDB) em: 2021-09-13 às 21:10:38
Começo dos testes DEPLOY SWARM (DOCKERHUB) em: 2021-09-13 às 21:13:29
DEPLOY APP (suitecrm) e DB em: 2021-09-13 às 21:13:29
Creating network suitecrm_geral_default
Creating service suitecrm_geral_mariadb
Creating service suitecrm_geral_suitecrm
Sleep de 10s
Finalização da rodada DEPLOY APP (suitecrm) e DB (mariaDB) em: 2021-09-13 às 21:13:46
Começo dos testes DEPLOY SWARM (DOCKERHUB) em: 2021-09-13 às 21:16:20
DEPLOY APP (suitecrm) e DB em: 2021-09-13 às 21:16:20
Creating network suitecrm_geral_default
Creating service suitecrm_geral_mariadb
Creating service suitecrm_geral_suitecrm
Sleep de 10s
Finalização da rodada DEPLOY APP (suitecrm) e DB (mariaDB) em: 2021-09-13 às 21:16:36
Começo dos testes DEPLOY SWARM (DOCKERHUB) em: 2021-09-13 às 21:18:45
DEPLOY APP (suitecrm) e DB em: 2021-09-13 às 21:18:45
Creating network suitecrm_geral_default
Creating service suitecrm_geral_mariadb
Creating service suitecrm_geral_suitecrm
Sleep de 10s
Finalização da rodada DEPLOY APP (suitecrm) e DB (mariaDB) em: 2021-09-13 às 21:19:02
Começo dos testes DEPLOY SWARM (DOCKERHUB) em: 2021-09-13 às 21:23:36
DEPLOY APP (suitecrm) e DB em: 2021-09-13 às 21:23:36
Creating network suitecrm_geral_default
Creating service suitecrm_geral_suitecrm
Creating service suitecrm_geral_mariadb
Sleep de 10s
Finalização da rodada DEPLOY APP (suitecrm) e DB (mariaDB) em: 2021-09-13 às 21:23:53
