Começo dos testes REMOVE SWARM (DOCKERHUB) em: 2021-09-13 às 20:05:05
REMOVE SWARM APP (suitecrm) e DB em: 2021-09-13 às 20:05:05
Removing service suitecrm_geral_mariadb
Removing service suitecrm_geral_suitecrm
Removing network suitecrm_geral_default
Sleep de 10s
Finalização da rodada REMOVE SWARM APP (suitecrm) e DB (mariaDB) em: 2021-09-13 às 20:05:15
Começo dos testes REMOVE SWARM (DOCKERHUB) em: 2021-09-13 às 20:14:59
REMOVE SWARM APP (suitecrm) e DB em: 2021-09-13 às 20:14:59
Removing service suitecrm_geral_mariadb
Removing service suitecrm_geral_suitecrm
Removing network suitecrm_geral_default
Sleep de 10s
Finalização da rodada REMOVE SWARM APP (suitecrm) e DB (mariaDB) em: 2021-09-13 às 20:15:09
Começo dos testes REMOVE SWARM (DOCKERHUB) em: 2021-09-13 às 20:21:58
REMOVE SWARM APP (suitecrm) e DB em: 2021-09-13 às 20:21:58
Removing service suitecrm_geral_mariadb
Removing service suitecrm_geral_suitecrm
Removing network suitecrm_geral_default
Sleep de 10s
Finalização da rodada REMOVE SWARM APP (suitecrm) e DB (mariaDB) em: 2021-09-13 às 20:22:08
Começo dos testes REMOVE SWARM (DOCKERHUB) em: 2021-09-13 às 21:11:59
REMOVE SWARM APP (suitecrm) e DB em: 2021-09-13 às 21:11:59
Removing service suitecrm_geral_mariadb
Removing service suitecrm_geral_suitecrm
Removing network suitecrm_geral_default
Sleep de 10s
Finalização da rodada REMOVE SWARM APP (suitecrm) e DB (mariaDB) em: 2021-09-13 às 21:12:09
Começo dos testes REMOVE SWARM (DOCKERHUB) em: 2021-09-13 às 21:13:15
REMOVE SWARM APP (suitecrm) e DB em: 2021-09-13 às 21:13:15
Nothing found in stack: suitecrm_geral
Sleep de 10s
Finalização da rodada REMOVE SWARM APP (suitecrm) e DB (mariaDB) em: 2021-09-13 às 21:13:25
Começo dos testes REMOVE SWARM (DOCKERHUB) em: 2021-09-13 às 21:15:16
REMOVE SWARM APP (suitecrm) e DB em: 2021-09-13 às 21:15:16
Removing service suitecrm_geral_mariadb
Removing service suitecrm_geral_suitecrm
Removing network suitecrm_geral_default
Sleep de 10s
Finalização da rodada REMOVE SWARM APP (suitecrm) e DB (mariaDB) em: 2021-09-13 às 21:15:26
Começo dos testes REMOVE SWARM (DOCKERHUB) em: 2021-09-13 às 21:17:59
REMOVE SWARM APP (suitecrm) e DB em: 2021-09-13 às 21:17:59
Removing service suitecrm_geral_mariadb
Removing service suitecrm_geral_suitecrm
Removing network suitecrm_geral_default
Sleep de 10s
Finalização da rodada REMOVE SWARM APP (suitecrm) e DB (mariaDB) em: 2021-09-13 às 21:18:10
Começo dos testes REMOVE SWARM (DOCKERHUB) em: 2021-09-13 às 21:22:07
REMOVE SWARM APP (suitecrm) e DB em: 2021-09-13 às 21:22:07
Removing service suitecrm_geral_mariadb
Removing service suitecrm_geral_suitecrm
Removing network suitecrm_geral_default
Sleep de 10s
Finalização da rodada REMOVE SWARM APP (suitecrm) e DB (mariaDB) em: 2021-09-13 às 21:22:18
Começo dos testes REMOVE SWARM (DOCKERHUB) em: 2021-09-13 às 21:49:55
REMOVE SWARM APP (suitecrm) e DB em: 2021-09-13 às 21:49:55
Removing service suitecrm_geral_mariadb
Removing service suitecrm_geral_suitecrm
Removing network suitecrm_geral_default
Sleep de 10s
Finalização da rodada REMOVE SWARM APP (suitecrm) e DB (mariaDB) em: 2021-09-13 às 21:50:05
