Começo dos testes BUILD em: 2021-09-14 às 14:19:47
BUILD APP (suitecrm)em: 2021-09-14 às 14:19:47
mariadb uses an image, skipping
Building suitecrm
Step 1/9 : FROM php:7.4-apache-buster
 ---> 58f2682970b2
Step 2/9 : ENV TZ=America/Sao_Paulo
 ---> Running in e10b8f1ee235
Removing intermediate container e10b8f1ee235
 ---> 0b3a558a2abf
Step 3/9 : RUN ln -snf /usr/share/zoneinfo/$TZ /etc/localtime && echo $TZ > /etc/timezone
 ---> Running in 1ad42fd861d1
Removing intermediate container 1ad42fd861d1
 ---> bcbb8cf1166b
Step 4/9 : RUN apt-get update -y
 ---> Running in 1995f0344173
Get:1 http://security.debian.org/debian-security buster/updates InRelease [65.4 kB]
Get:2 http://deb.debian.org/debian buster InRelease [122 kB]
Get:3 http://deb.debian.org/debian buster-updates InRelease [51.9 kB]
Get:4 http://security.debian.org/debian-security buster/updates/main amd64 Packages [303 kB]
Get:5 http://deb.debian.org/debian buster/main amd64 Packages [7907 kB]
Get:6 http://deb.debian.org/debian buster-updates/main amd64 Packages [15.2 kB]
Fetched 8465 kB in 2s (5270 kB/s)
Reading package lists...
Removing intermediate container 1995f0344173
 ---> 30bc0ab93eb3
Step 5/9 : RUN apt-get install -y zip wget libzip-dev
 ---> Running in 04e1c761370d
Reading package lists...
Building dependency tree...
Reading state information...
The following additional packages will be installed:
  libpcre2-8-0 libzip4 unzip zlib1g-dev
The following NEW packages will be installed:
  libpcre2-8-0 libzip-dev libzip4 unzip wget zip zlib1g-dev
0 upgraded, 7 newly installed, 0 to remove and 0 not upgraded.
Need to get 1943 kB of archives.
After this operation, 6020 kB of additional disk space will be used.
Get:1 http://deb.debian.org/debian buster/main amd64 libpcre2-8-0 amd64 10.32-5 [213 kB]
Get:2 http://deb.debian.org/debian buster/main amd64 wget amd64 1.20.1-1.1 [902 kB]
Get:3 http://deb.debian.org/debian buster/main amd64 libzip4 amd64 1.5.1-4 [50.7 kB]
Get:4 http://deb.debian.org/debian buster/main amd64 zlib1g-dev amd64 1:1.2.11.dfsg-1 [214 kB]
Get:5 http://deb.debian.org/debian buster/main amd64 libzip-dev amd64 1.5.1-4 [158 kB]
Get:6 http://deb.debian.org/debian buster/main amd64 unzip amd64 6.0-23+deb10u2 [172 kB]
Get:7 http://deb.debian.org/debian buster/main amd64 zip amd64 3.0-11+b1 [234 kB]
[91mdebconf: delaying package configuration, since apt-utils is not installed
[0mFetched 1943 kB in 0s (13.6 MB/s)
Selecting previously unselected package libpcre2-8-0:amd64.
(Reading database ... 
(Reading database ... 5%
(Reading database ... 10%
(Reading database ... 15%
(Reading database ... 20%
(Reading database ... 25%
(Reading database ... 30%
(Reading database ... 35%
(Reading database ... 40%
(Reading database ... 45%
(Reading database ... 50%
(Reading database ... 55%
(Reading database ... 60%
(Reading database ... 65%
(Reading database ... 70%
(Reading database ... 75%
(Reading database ... 80%
(Reading database ... 85%
(Reading database ... 90%
(Reading database ... 95%
(Reading database ... 100%
(Reading database ... 13532 files and directories currently installed.)
Preparing to unpack .../0-libpcre2-8-0_10.32-5_amd64.deb ...
Unpacking libpcre2-8-0:amd64 (10.32-5) ...
Selecting previously unselected package wget.
Preparing to unpack .../1-wget_1.20.1-1.1_amd64.deb ...
Unpacking wget (1.20.1-1.1) ...
Selecting previously unselected package libzip4:amd64.
Preparing to unpack .../2-libzip4_1.5.1-4_amd64.deb ...
Unpacking libzip4:amd64 (1.5.1-4) ...
Selecting previously unselected package zlib1g-dev:amd64.
Preparing to unpack .../3-zlib1g-dev_1%3a1.2.11.dfsg-1_amd64.deb ...
Unpacking zlib1g-dev:amd64 (1:1.2.11.dfsg-1) ...
Selecting previously unselected package libzip-dev:amd64.
Preparing to unpack .../4-libzip-dev_1.5.1-4_amd64.deb ...
Unpacking libzip-dev:amd64 (1.5.1-4) ...
Selecting previously unselected package unzip.
Preparing to unpack .../5-unzip_6.0-23+deb10u2_amd64.deb ...
Unpacking unzip (6.0-23+deb10u2) ...
Selecting previously unselected package zip.
Preparing to unpack .../6-zip_3.0-11+b1_amd64.deb ...
Unpacking zip (3.0-11+b1) ...
Setting up libzip4:amd64 (1.5.1-4) ...
Setting up unzip (6.0-23+deb10u2) ...
Setting up zip (3.0-11+b1) ...
Setting up libpcre2-8-0:amd64 (10.32-5) ...
Setting up zlib1g-dev:amd64 (1:1.2.11.dfsg-1) ...
Setting up libzip-dev:amd64 (1.5.1-4) ...
Setting up wget (1.20.1-1.1) ...
Processing triggers for mime-support (3.62) ...
Processing triggers for libc-bin (2.28-10) ...
Removing intermediate container 04e1c761370d
 ---> 4cb8e76eb75a
Step 6/9 : RUN rm -f /var/www/html/index.html
 ---> Running in 4413b45d18ea
Removing intermediate container 4413b45d18ea
 ---> ed0d4dda9acb
Step 7/9 : COPY --chown=www-data:www-data ./SuiteCRM-7.11.21/ /var/www/html
 ---> 5659e721893e
Step 8/9 : RUN docker-php-ext-install mysqli
 ---> Running in b529a3b30e03
Configuring for:
PHP Api Version:         20190902
Zend Module Api No:      20190902
Zend Extension Api No:   320190902
checking for grep that handles long lines and -e... /bin/grep
checking for egrep... /bin/grep -E
checking for a sed that does not truncate output... /bin/sed
checking for pkg-config... /usr/bin/pkg-config
checking pkg-config is at least version 0.9.0... yes
checking for cc... cc
checking whether the C compiler works... yes
checking for C compiler default output file name... a.out
checking for suffix of executables... 
checking whether we are cross compiling... no
checking for suffix of object files... o
checking whether we are using the GNU C compiler... yes
checking whether cc accepts -g... yes
checking for cc option to accept ISO C89... none needed
checking how to run the C preprocessor... cc -E
checking for icc... no
checking for suncc... no
checking for system library directory... lib
checking if compiler supports -R... no
checking if compiler supports -Wl,-rpath,... yes
checking build system type... x86_64-pc-linux-gnu
checking host system type... x86_64-pc-linux-gnu
checking target system type... x86_64-pc-linux-gnu
checking for PHP prefix... /usr/local
checking for PHP includes... -I/usr/local/include/php -I/usr/local/include/php/main -I/usr/local/include/php/TSRM -I/usr/local/include/php/Zend -I/usr/local/include/php/ext -I/usr/local/include/php/ext/date/lib
checking for PHP extension directory... /usr/local/lib/php/extensions/no-debug-non-zts-20190902
checking for PHP installed headers prefix... /usr/local/include/php
checking if debug is enabled... no
checking if zts is enabled... no
checking for gawk... no
checking for nawk... nawk
checking if nawk is broken... no
checking for MySQLi support... yes, shared
checking for specified location of the MySQL UNIX socket... no
checking for MySQL UNIX socket location... no
checking for a sed that does not truncate output... /bin/sed
checking for ld used by cc... /usr/bin/ld
checking if the linker (/usr/bin/ld) is GNU ld... yes
checking for /usr/bin/ld option to reload object files... -r
checking for BSD-compatible nm... /usr/bin/nm -B
checking whether ln -s works... yes
checking how to recognize dependent libraries... pass_all
checking for ANSI C header files... yes
checking for sys/types.h... yes
checking for sys/stat.h... yes
checking for stdlib.h... yes
checking for string.h... yes
checking for memory.h... yes
checking for strings.h... yes
checking for inttypes.h... yes
checking for stdint.h... yes
checking for unistd.h... yes
checking dlfcn.h usability... yes
checking dlfcn.h presence... yes
checking for dlfcn.h... yes
checking the maximum length of command line arguments... 1572864
checking command to parse /usr/bin/nm -B output from cc object... ok
checking for objdir... .libs
checking for ar... ar
checking for ranlib... ranlib
checking for strip... strip
checking if cc supports -fno-rtti -fno-exceptions... no
checking for cc option to produce PIC... -fPIC
checking if cc PIC flag -fPIC works... yes
checking if cc static flag -static works... yes
checking if cc supports -c -o file.o... yes
checking whether the cc linker (/usr/bin/ld -m elf_x86_64) supports shared libraries... yes
checking whether -lc should be explicitly linked in... no
checking dynamic linker characteristics... GNU/Linux ld.so
checking how to hardcode library paths into programs... immediate
checking whether stripping libraries is possible... yes
checking if libtool supports shared libraries... yes
checking whether to build shared libraries... yes
checking whether to build static libraries... no

creating libtool
appending configuration tag "CXX" to libtool
configure: patching config.h.in
configure: creating ./config.status
config.status: creating config.h
/bin/bash /usr/src/php/ext/mysqli/libtool --mode=compile cc -DZEND_ENABLE_STATIC_TSRMLS_CACHE=1 -I. -I/usr/src/php/ext/mysqli -DPHP_ATOM_INC -I/usr/src/php/ext/mysqli/include -I/usr/src/php/ext/mysqli/main -I/usr/src/php/ext/mysqli -I/usr/local/include/php -I/usr/local/include/php/main -I/usr/local/include/php/TSRM -I/usr/local/include/php/Zend -I/usr/local/include/php/ext -I/usr/local/include/php/ext/date/lib  -fstack-protector-strong -fpic -fpie -O2 -D_LARGEFILE_SOURCE -D_FILE_OFFSET_BITS=64 -DHAVE_CONFIG_H  -fstack-protector-strong -fpic -fpie -O2 -D_LARGEFILE_SOURCE -D_FILE_OFFSET_BITS=64   -c /usr/src/php/ext/mysqli/mysqli.c -o mysqli.lo 
mkdir .libs
 cc -DZEND_ENABLE_STATIC_TSRMLS_CACHE=1 -I. -I/usr/src/php/ext/mysqli -DPHP_ATOM_INC -I/usr/src/php/ext/mysqli/include -I/usr/src/php/ext/mysqli/main -I/usr/src/php/ext/mysqli -I/usr/local/include/php -I/usr/local/include/php/main -I/usr/local/include/php/TSRM -I/usr/local/include/php/Zend -I/usr/local/include/php/ext -I/usr/local/include/php/ext/date/lib -fstack-protector-strong -fpic -fpie -O2 -D_LARGEFILE_SOURCE -D_FILE_OFFSET_BITS=64 -DHAVE_CONFIG_H -fstack-protector-strong -fpic -fpie -O2 -D_LARGEFILE_SOURCE -D_FILE_OFFSET_BITS=64 -c /usr/src/php/ext/mysqli/mysqli.c  -fPIC -DPIC -o .libs/mysqli.o
/bin/bash /usr/src/php/ext/mysqli/libtool --mode=compile cc -DZEND_ENABLE_STATIC_TSRMLS_CACHE=1 -I. -I/usr/src/php/ext/mysqli -DPHP_ATOM_INC -I/usr/src/php/ext/mysqli/include -I/usr/src/php/ext/mysqli/main -I/usr/src/php/ext/mysqli -I/usr/local/include/php -I/usr/local/include/php/main -I/usr/local/include/php/TSRM -I/usr/local/include/php/Zend -I/usr/local/include/php/ext -I/usr/local/include/php/ext/date/lib  -fstack-protector-strong -fpic -fpie -O2 -D_LARGEFILE_SOURCE -D_FILE_OFFSET_BITS=64 -DHAVE_CONFIG_H  -fstack-protector-strong -fpic -fpie -O2 -D_LARGEFILE_SOURCE -D_FILE_OFFSET_BITS=64   -c /usr/src/php/ext/mysqli/mysqli_api.c -o mysqli_api.lo 
 cc -DZEND_ENABLE_STATIC_TSRMLS_CACHE=1 -I. -I/usr/src/php/ext/mysqli -DPHP_ATOM_INC -I/usr/src/php/ext/mysqli/include -I/usr/src/php/ext/mysqli/main -I/usr/src/php/ext/mysqli -I/usr/local/include/php -I/usr/local/include/php/main -I/usr/local/include/php/TSRM -I/usr/local/include/php/Zend -I/usr/local/include/php/ext -I/usr/local/include/php/ext/date/lib -fstack-protector-strong -fpic -fpie -O2 -D_LARGEFILE_SOURCE -D_FILE_OFFSET_BITS=64 -DHAVE_CONFIG_H -fstack-protector-strong -fpic -fpie -O2 -D_LARGEFILE_SOURCE -D_FILE_OFFSET_BITS=64 -c /usr/src/php/ext/mysqli/mysqli_api.c  -fPIC -DPIC -o .libs/mysqli_api.o
/bin/bash /usr/src/php/ext/mysqli/libtool --mode=compile cc -DZEND_ENABLE_STATIC_TSRMLS_CACHE=1 -I. -I/usr/src/php/ext/mysqli -DPHP_ATOM_INC -I/usr/src/php/ext/mysqli/include -I/usr/src/php/ext/mysqli/main -I/usr/src/php/ext/mysqli -I/usr/local/include/php -I/usr/local/include/php/main -I/usr/local/include/php/TSRM -I/usr/local/include/php/Zend -I/usr/local/include/php/ext -I/usr/local/include/php/ext/date/lib  -fstack-protector-strong -fpic -fpie -O2 -D_LARGEFILE_SOURCE -D_FILE_OFFSET_BITS=64 -DHAVE_CONFIG_H  -fstack-protector-strong -fpic -fpie -O2 -D_LARGEFILE_SOURCE -D_FILE_OFFSET_BITS=64   -c /usr/src/php/ext/mysqli/mysqli_prop.c -o mysqli_prop.lo 
 cc -DZEND_ENABLE_STATIC_TSRMLS_CACHE=1 -I. -I/usr/src/php/ext/mysqli -DPHP_ATOM_INC -I/usr/src/php/ext/mysqli/include -I/usr/src/php/ext/mysqli/main -I/usr/src/php/ext/mysqli -I/usr/local/include/php -I/usr/local/include/php/main -I/usr/local/include/php/TSRM -I/usr/local/include/php/Zend -I/usr/local/include/php/ext -I/usr/local/include/php/ext/date/lib -fstack-protector-strong -fpic -fpie -O2 -D_LARGEFILE_SOURCE -D_FILE_OFFSET_BITS=64 -DHAVE_CONFIG_H -fstack-protector-strong -fpic -fpie -O2 -D_LARGEFILE_SOURCE -D_FILE_OFFSET_BITS=64 -c /usr/src/php/ext/mysqli/mysqli_prop.c  -fPIC -DPIC -o .libs/mysqli_prop.o
/bin/bash /usr/src/php/ext/mysqli/libtool --mode=compile cc -DZEND_ENABLE_STATIC_TSRMLS_CACHE=1 -I. -I/usr/src/php/ext/mysqli -DPHP_ATOM_INC -I/usr/src/php/ext/mysqli/include -I/usr/src/php/ext/mysqli/main -I/usr/src/php/ext/mysqli -I/usr/local/include/php -I/usr/local/include/php/main -I/usr/local/include/php/TSRM -I/usr/local/include/php/Zend -I/usr/local/include/php/ext -I/usr/local/include/php/ext/date/lib  -fstack-protector-strong -fpic -fpie -O2 -D_LARGEFILE_SOURCE -D_FILE_OFFSET_BITS=64 -DHAVE_CONFIG_H  -fstack-protector-strong -fpic -fpie -O2 -D_LARGEFILE_SOURCE -D_FILE_OFFSET_BITS=64   -c /usr/src/php/ext/mysqli/mysqli_nonapi.c -o mysqli_nonapi.lo 
 cc -DZEND_ENABLE_STATIC_TSRMLS_CACHE=1 -I. -I/usr/src/php/ext/mysqli -DPHP_ATOM_INC -I/usr/src/php/ext/mysqli/include -I/usr/src/php/ext/mysqli/main -I/usr/src/php/ext/mysqli -I/usr/local/include/php -I/usr/local/include/php/main -I/usr/local/include/php/TSRM -I/usr/local/include/php/Zend -I/usr/local/include/php/ext -I/usr/local/include/php/ext/date/lib -fstack-protector-strong -fpic -fpie -O2 -D_LARGEFILE_SOURCE -D_FILE_OFFSET_BITS=64 -DHAVE_CONFIG_H -fstack-protector-strong -fpic -fpie -O2 -D_LARGEFILE_SOURCE -D_FILE_OFFSET_BITS=64 -c /usr/src/php/ext/mysqli/mysqli_nonapi.c  -fPIC -DPIC -o .libs/mysqli_nonapi.o
/bin/bash /usr/src/php/ext/mysqli/libtool --mode=compile cc -DZEND_ENABLE_STATIC_TSRMLS_CACHE=1 -I. -I/usr/src/php/ext/mysqli -DPHP_ATOM_INC -I/usr/src/php/ext/mysqli/include -I/usr/src/php/ext/mysqli/main -I/usr/src/php/ext/mysqli -I/usr/local/include/php -I/usr/local/include/php/main -I/usr/local/include/php/TSRM -I/usr/local/include/php/Zend -I/usr/local/include/php/ext -I/usr/local/include/php/ext/date/lib  -fstack-protector-strong -fpic -fpie -O2 -D_LARGEFILE_SOURCE -D_FILE_OFFSET_BITS=64 -DHAVE_CONFIG_H  -fstack-protector-strong -fpic -fpie -O2 -D_LARGEFILE_SOURCE -D_FILE_OFFSET_BITS=64   -c /usr/src/php/ext/mysqli/mysqli_fe.c -o mysqli_fe.lo 
 cc -DZEND_ENABLE_STATIC_TSRMLS_CACHE=1 -I. -I/usr/src/php/ext/mysqli -DPHP_ATOM_INC -I/usr/src/php/ext/mysqli/include -I/usr/src/php/ext/mysqli/main -I/usr/src/php/ext/mysqli -I/usr/local/include/php -I/usr/local/include/php/main -I/usr/local/include/php/TSRM -I/usr/local/include/php/Zend -I/usr/local/include/php/ext -I/usr/local/include/php/ext/date/lib -fstack-protector-strong -fpic -fpie -O2 -D_LARGEFILE_SOURCE -D_FILE_OFFSET_BITS=64 -DHAVE_CONFIG_H -fstack-protector-strong -fpic -fpie -O2 -D_LARGEFILE_SOURCE -D_FILE_OFFSET_BITS=64 -c /usr/src/php/ext/mysqli/mysqli_fe.c  -fPIC -DPIC -o .libs/mysqli_fe.o
/bin/bash /usr/src/php/ext/mysqli/libtool --mode=compile cc -DZEND_ENABLE_STATIC_TSRMLS_CACHE=1 -I. -I/usr/src/php/ext/mysqli -DPHP_ATOM_INC -I/usr/src/php/ext/mysqli/include -I/usr/src/php/ext/mysqli/main -I/usr/src/php/ext/mysqli -I/usr/local/include/php -I/usr/local/include/php/main -I/usr/local/include/php/TSRM -I/usr/local/include/php/Zend -I/usr/local/include/php/ext -I/usr/local/include/php/ext/date/lib  -fstack-protector-strong -fpic -fpie -O2 -D_LARGEFILE_SOURCE -D_FILE_OFFSET_BITS=64 -DHAVE_CONFIG_H  -fstack-protector-strong -fpic -fpie -O2 -D_LARGEFILE_SOURCE -D_FILE_OFFSET_BITS=64   -c /usr/src/php/ext/mysqli/mysqli_report.c -o mysqli_report.lo 
 cc -DZEND_ENABLE_STATIC_TSRMLS_CACHE=1 -I. -I/usr/src/php/ext/mysqli -DPHP_ATOM_INC -I/usr/src/php/ext/mysqli/include -I/usr/src/php/ext/mysqli/main -I/usr/src/php/ext/mysqli -I/usr/local/include/php -I/usr/local/include/php/main -I/usr/local/include/php/TSRM -I/usr/local/include/php/Zend -I/usr/local/include/php/ext -I/usr/local/include/php/ext/date/lib -fstack-protector-strong -fpic -fpie -O2 -D_LARGEFILE_SOURCE -D_FILE_OFFSET_BITS=64 -DHAVE_CONFIG_H -fstack-protector-strong -fpic -fpie -O2 -D_LARGEFILE_SOURCE -D_FILE_OFFSET_BITS=64 -c /usr/src/php/ext/mysqli/mysqli_report.c  -fPIC -DPIC -o .libs/mysqli_report.o
/bin/bash /usr/src/php/ext/mysqli/libtool --mode=compile cc -DZEND_ENABLE_STATIC_TSRMLS_CACHE=1 -I. -I/usr/src/php/ext/mysqli -DPHP_ATOM_INC -I/usr/src/php/ext/mysqli/include -I/usr/src/php/ext/mysqli/main -I/usr/src/php/ext/mysqli -I/usr/local/include/php -I/usr/local/include/php/main -I/usr/local/include/php/TSRM -I/usr/local/include/php/Zend -I/usr/local/include/php/ext -I/usr/local/include/php/ext/date/lib  -fstack-protector-strong -fpic -fpie -O2 -D_LARGEFILE_SOURCE -D_FILE_OFFSET_BITS=64 -DHAVE_CONFIG_H  -fstack-protector-strong -fpic -fpie -O2 -D_LARGEFILE_SOURCE -D_FILE_OFFSET_BITS=64   -c /usr/src/php/ext/mysqli/mysqli_driver.c -o mysqli_driver.lo 
 cc -DZEND_ENABLE_STATIC_TSRMLS_CACHE=1 -I. -I/usr/src/php/ext/mysqli -DPHP_ATOM_INC -I/usr/src/php/ext/mysqli/include -I/usr/src/php/ext/mysqli/main -I/usr/src/php/ext/mysqli -I/usr/local/include/php -I/usr/local/include/php/main -I/usr/local/include/php/TSRM -I/usr/local/include/php/Zend -I/usr/local/include/php/ext -I/usr/local/include/php/ext/date/lib -fstack-protector-strong -fpic -fpie -O2 -D_LARGEFILE_SOURCE -D_FILE_OFFSET_BITS=64 -DHAVE_CONFIG_H -fstack-protector-strong -fpic -fpie -O2 -D_LARGEFILE_SOURCE -D_FILE_OFFSET_BITS=64 -c /usr/src/php/ext/mysqli/mysqli_driver.c  -fPIC -DPIC -o .libs/mysqli_driver.o
/bin/bash /usr/src/php/ext/mysqli/libtool --mode=compile cc -DZEND_ENABLE_STATIC_TSRMLS_CACHE=1 -I. -I/usr/src/php/ext/mysqli -DPHP_ATOM_INC -I/usr/src/php/ext/mysqli/include -I/usr/src/php/ext/mysqli/main -I/usr/src/php/ext/mysqli -I/usr/local/include/php -I/usr/local/include/php/main -I/usr/local/include/php/TSRM -I/usr/local/include/php/Zend -I/usr/local/include/php/ext -I/usr/local/include/php/ext/date/lib  -fstack-protector-strong -fpic -fpie -O2 -D_LARGEFILE_SOURCE -D_FILE_OFFSET_BITS=64 -DHAVE_CONFIG_H  -fstack-protector-strong -fpic -fpie -O2 -D_LARGEFILE_SOURCE -D_FILE_OFFSET_BITS=64   -c /usr/src/php/ext/mysqli/mysqli_warning.c -o mysqli_warning.lo 
 cc -DZEND_ENABLE_STATIC_TSRMLS_CACHE=1 -I. -I/usr/src/php/ext/mysqli -DPHP_ATOM_INC -I/usr/src/php/ext/mysqli/include -I/usr/src/php/ext/mysqli/main -I/usr/src/php/ext/mysqli -I/usr/local/include/php -I/usr/local/include/php/main -I/usr/local/include/php/TSRM -I/usr/local/include/php/Zend -I/usr/local/include/php/ext -I/usr/local/include/php/ext/date/lib -fstack-protector-strong -fpic -fpie -O2 -D_LARGEFILE_SOURCE -D_FILE_OFFSET_BITS=64 -DHAVE_CONFIG_H -fstack-protector-strong -fpic -fpie -O2 -D_LARGEFILE_SOURCE -D_FILE_OFFSET_BITS=64 -c /usr/src/php/ext/mysqli/mysqli_warning.c  -fPIC -DPIC -o .libs/mysqli_warning.o
/bin/bash /usr/src/php/ext/mysqli/libtool --mode=compile cc -DZEND_ENABLE_STATIC_TSRMLS_CACHE=1 -I. -I/usr/src/php/ext/mysqli -DPHP_ATOM_INC -I/usr/src/php/ext/mysqli/include -I/usr/src/php/ext/mysqli/main -I/usr/src/php/ext/mysqli -I/usr/local/include/php -I/usr/local/include/php/main -I/usr/local/include/php/TSRM -I/usr/local/include/php/Zend -I/usr/local/include/php/ext -I/usr/local/include/php/ext/date/lib  -fstack-protector-strong -fpic -fpie -O2 -D_LARGEFILE_SOURCE -D_FILE_OFFSET_BITS=64 -DHAVE_CONFIG_H  -fstack-protector-strong -fpic -fpie -O2 -D_LARGEFILE_SOURCE -D_FILE_OFFSET_BITS=64   -c /usr/src/php/ext/mysqli/mysqli_exception.c -o mysqli_exception.lo 
 cc -DZEND_ENABLE_STATIC_TSRMLS_CACHE=1 -I. -I/usr/src/php/ext/mysqli -DPHP_ATOM_INC -I/usr/src/php/ext/mysqli/include -I/usr/src/php/ext/mysqli/main -I/usr/src/php/ext/mysqli -I/usr/local/include/php -I/usr/local/include/php/main -I/usr/local/include/php/TSRM -I/usr/local/include/php/Zend -I/usr/local/include/php/ext -I/usr/local/include/php/ext/date/lib -fstack-protector-strong -fpic -fpie -O2 -D_LARGEFILE_SOURCE -D_FILE_OFFSET_BITS=64 -DHAVE_CONFIG_H -fstack-protector-strong -fpic -fpie -O2 -D_LARGEFILE_SOURCE -D_FILE_OFFSET_BITS=64 -c /usr/src/php/ext/mysqli/mysqli_exception.c  -fPIC -DPIC -o .libs/mysqli_exception.o
/bin/bash /usr/src/php/ext/mysqli/libtool --mode=compile cc -DZEND_ENABLE_STATIC_TSRMLS_CACHE=1 -I. -I/usr/src/php/ext/mysqli -DPHP_ATOM_INC -I/usr/src/php/ext/mysqli/include -I/usr/src/php/ext/mysqli/main -I/usr/src/php/ext/mysqli -I/usr/local/include/php -I/usr/local/include/php/main -I/usr/local/include/php/TSRM -I/usr/local/include/php/Zend -I/usr/local/include/php/ext -I/usr/local/include/php/ext/date/lib  -fstack-protector-strong -fpic -fpie -O2 -D_LARGEFILE_SOURCE -D_FILE_OFFSET_BITS=64 -DHAVE_CONFIG_H  -fstack-protector-strong -fpic -fpie -O2 -D_LARGEFILE_SOURCE -D_FILE_OFFSET_BITS=64   -c /usr/src/php/ext/mysqli/mysqli_result_iterator.c -o mysqli_result_iterator.lo 
 cc -DZEND_ENABLE_STATIC_TSRMLS_CACHE=1 -I. -I/usr/src/php/ext/mysqli -DPHP_ATOM_INC -I/usr/src/php/ext/mysqli/include -I/usr/src/php/ext/mysqli/main -I/usr/src/php/ext/mysqli -I/usr/local/include/php -I/usr/local/include/php/main -I/usr/local/include/php/TSRM -I/usr/local/include/php/Zend -I/usr/local/include/php/ext -I/usr/local/include/php/ext/date/lib -fstack-protector-strong -fpic -fpie -O2 -D_LARGEFILE_SOURCE -D_FILE_OFFSET_BITS=64 -DHAVE_CONFIG_H -fstack-protector-strong -fpic -fpie -O2 -D_LARGEFILE_SOURCE -D_FILE_OFFSET_BITS=64 -c /usr/src/php/ext/mysqli/mysqli_result_iterator.c  -fPIC -DPIC -o .libs/mysqli_result_iterator.o
/bin/bash /usr/src/php/ext/mysqli/libtool --mode=link cc -DPHP_ATOM_INC -I/usr/src/php/ext/mysqli/include -I/usr/src/php/ext/mysqli/main -I/usr/src/php/ext/mysqli -I/usr/local/include/php -I/usr/local/include/php/main -I/usr/local/include/php/TSRM -I/usr/local/include/php/Zend -I/usr/local/include/php/ext -I/usr/local/include/php/ext/date/lib  -fstack-protector-strong -fpic -fpie -O2 -D_LARGEFILE_SOURCE -D_FILE_OFFSET_BITS=64 -DHAVE_CONFIG_H  -fstack-protector-strong -fpic -fpie -O2 -D_LARGEFILE_SOURCE -D_FILE_OFFSET_BITS=64  -Wl,-O1 -pie  -o mysqli.la -export-dynamic -avoid-version -prefer-pic -module -rpath /usr/src/php/ext/mysqli/modules  mysqli.lo mysqli_api.lo mysqli_prop.lo mysqli_nonapi.lo mysqli_fe.lo mysqli_report.lo mysqli_driver.lo mysqli_warning.lo mysqli_exception.lo mysqli_result_iterator.lo 
cc -shared  .libs/mysqli.o .libs/mysqli_api.o .libs/mysqli_prop.o .libs/mysqli_nonapi.o .libs/mysqli_fe.o .libs/mysqli_report.o .libs/mysqli_driver.o .libs/mysqli_warning.o .libs/mysqli_exception.o .libs/mysqli_result_iterator.o   -Wl,-O1 -Wl,-soname -Wl,mysqli.so -o .libs/mysqli.so
creating mysqli.la
(cd .libs && rm -f mysqli.la && ln -s ../mysqli.la mysqli.la)
/bin/bash /usr/src/php/ext/mysqli/libtool --mode=install cp ./mysqli.la /usr/src/php/ext/mysqli/modules
cp ./.libs/mysqli.so /usr/src/php/ext/mysqli/modules/mysqli.so
cp ./.libs/mysqli.lai /usr/src/php/ext/mysqli/modules/mysqli.la
PATH="$PATH:/sbin" ldconfig -n /usr/src/php/ext/mysqli/modules
----------------------------------------------------------------------
Libraries have been installed in:
   /usr/src/php/ext/mysqli/modules

If you ever happen to want to link against installed libraries
in a given directory, LIBDIR, you must either use libtool, and
specify the full pathname of the library, or use the `-LLIBDIR'
flag during linking and do at least one of the following:
   - add LIBDIR to the `LD_LIBRARY_PATH' environment variable
     during execution
   - add LIBDIR to the `LD_RUN_PATH' environment variable
     during linking
   - use the `-Wl,--rpath -Wl,LIBDIR' linker flag
   - have your system administrator add LIBDIR to `/etc/ld.so.conf'

See any operating system documentation about shared libraries for
more information, such as the ld(1) and ld.so(8) manual pages.
----------------------------------------------------------------------

Build complete.
Don't forget to run 'make test'.

Installing shared extensions:     /usr/local/lib/php/extensions/no-debug-non-zts-20190902/
Installing header files:          /usr/local/include/php/
find . -name \*.gcno -o -name \*.gcda | xargs rm -f
find . -name \*.lo -o -name \*.o | xargs rm -f
find . -name \*.la -o -name \*.a | xargs rm -f
find . -name \*.so | xargs rm -f
find . -name .libs -a -type d|xargs rm -rf
rm -f libphp.la      modules/* libs/*
Removing intermediate container b529a3b30e03
 ---> 257fd4171af8
Step 9/9 : RUN docker-php-ext-install zip
 ---> Running in fc50267791b7
Configuring for:
PHP Api Version:         20190902
Zend Module Api No:      20190902
Zend Extension Api No:   320190902
checking for grep that handles long lines and -e... /bin/grep
checking for egrep... /bin/grep -E
checking for a sed that does not truncate output... /bin/sed
checking for pkg-config... /usr/bin/pkg-config
checking pkg-config is at least version 0.9.0... yes
checking for cc... cc
checking whether the C compiler works... yes
checking for C compiler default output file name... a.out
checking for suffix of executables... 
checking whether we are cross compiling... no
checking for suffix of object files... o
checking whether we are using the GNU C compiler... yes
checking whether cc accepts -g... yes
checking for cc option to accept ISO C89... none needed
checking how to run the C preprocessor... cc -E
checking for icc... no
checking for suncc... no
checking for system library directory... lib
checking if compiler supports -R... no
checking if compiler supports -Wl,-rpath,... yes
checking build system type... x86_64-pc-linux-gnu
checking host system type... x86_64-pc-linux-gnu
checking target system type... x86_64-pc-linux-gnu
checking for PHP prefix... /usr/local
checking for PHP includes... -I/usr/local/include/php -I/usr/local/include/php/main -I/usr/local/include/php/TSRM -I/usr/local/include/php/Zend -I/usr/local/include/php/ext -I/usr/local/include/php/ext/date/lib
checking for PHP extension directory... /usr/local/lib/php/extensions/no-debug-non-zts-20190902
checking for PHP installed headers prefix... /usr/local/include/php
checking if debug is enabled... no
checking if zts is enabled... no
checking for gawk... no
checking for nawk... nawk
checking if nawk is broken... no
checking for zip archive read/write support... yes, shared
checking for libzip >= 0.11 libzip != 1.3.1 libzip != 1.7.0... yes
checking for zip_file_set_encryption in -lzip... yes
checking for zip_libzip_version in -lzip... yes
checking for a sed that does not truncate output... /bin/sed
checking for ld used by cc... /usr/bin/ld
checking if the linker (/usr/bin/ld) is GNU ld... yes
checking for /usr/bin/ld option to reload object files... -r
checking for BSD-compatible nm... /usr/bin/nm -B
checking whether ln -s works... yes
checking how to recognize dependent libraries... pass_all
checking for ANSI C header files... yes
checking for sys/types.h... yes
checking for sys/stat.h... yes
checking for stdlib.h... yes
checking for string.h... yes
checking for memory.h... yes
checking for strings.h... yes
checking for inttypes.h... yes
checking for stdint.h... yes
checking for unistd.h... yes
checking dlfcn.h usability... yes
checking dlfcn.h presence... yes
checking for dlfcn.h... yes
checking the maximum length of command line arguments... 1572864
checking command to parse /usr/bin/nm -B output from cc object... ok
checking for objdir... .libs
checking for ar... ar
checking for ranlib... ranlib
checking for strip... strip
checking if cc supports -fno-rtti -fno-exceptions... no
checking for cc option to produce PIC... -fPIC
checking if cc PIC flag -fPIC works... yes
checking if cc static flag -static works... yes
checking if cc supports -c -o file.o... yes
checking whether the cc linker (/usr/bin/ld -m elf_x86_64) supports shared libraries... yes
checking whether -lc should be explicitly linked in... no
checking dynamic linker characteristics... GNU/Linux ld.so
checking how to hardcode library paths into programs... immediate
checking whether stripping libraries is possible... yes
checking if libtool supports shared libraries... yes
checking whether to build shared libraries... yes
checking whether to build static libraries... no

creating libtool
appending configuration tag "CXX" to libtool
configure: patching config.h.in
configure: creating ./config.status
config.status: creating config.h
/bin/bash /usr/src/php/ext/zip/libtool --mode=compile cc  -I. -I/usr/src/php/ext/zip -DPHP_ATOM_INC -I/usr/src/php/ext/zip/include -I/usr/src/php/ext/zip/main -I/usr/src/php/ext/zip -I/usr/local/include/php -I/usr/local/include/php/main -I/usr/local/include/php/TSRM -I/usr/local/include/php/Zend -I/usr/local/include/php/ext -I/usr/local/include/php/ext/date/lib  -fstack-protector-strong -fpic -fpie -O2 -D_LARGEFILE_SOURCE -D_FILE_OFFSET_BITS=64 -DHAVE_CONFIG_H  -fstack-protector-strong -fpic -fpie -O2 -D_LARGEFILE_SOURCE -D_FILE_OFFSET_BITS=64   -c /usr/src/php/ext/zip/php_zip.c -o php_zip.lo 
mkdir .libs
 cc -I. -I/usr/src/php/ext/zip -DPHP_ATOM_INC -I/usr/src/php/ext/zip/include -I/usr/src/php/ext/zip/main -I/usr/src/php/ext/zip -I/usr/local/include/php -I/usr/local/include/php/main -I/usr/local/include/php/TSRM -I/usr/local/include/php/Zend -I/usr/local/include/php/ext -I/usr/local/include/php/ext/date/lib -fstack-protector-strong -fpic -fpie -O2 -D_LARGEFILE_SOURCE -D_FILE_OFFSET_BITS=64 -DHAVE_CONFIG_H -fstack-protector-strong -fpic -fpie -O2 -D_LARGEFILE_SOURCE -D_FILE_OFFSET_BITS=64 -c /usr/src/php/ext/zip/php_zip.c  -fPIC -DPIC -o .libs/php_zip.o
/bin/bash /usr/src/php/ext/zip/libtool --mode=compile cc  -I. -I/usr/src/php/ext/zip -DPHP_ATOM_INC -I/usr/src/php/ext/zip/include -I/usr/src/php/ext/zip/main -I/usr/src/php/ext/zip -I/usr/local/include/php -I/usr/local/include/php/main -I/usr/local/include/php/TSRM -I/usr/local/include/php/Zend -I/usr/local/include/php/ext -I/usr/local/include/php/ext/date/lib  -fstack-protector-strong -fpic -fpie -O2 -D_LARGEFILE_SOURCE -D_FILE_OFFSET_BITS=64 -DHAVE_CONFIG_H  -fstack-protector-strong -fpic -fpie -O2 -D_LARGEFILE_SOURCE -D_FILE_OFFSET_BITS=64   -c /usr/src/php/ext/zip/zip_stream.c -o zip_stream.lo 
 cc -I. -I/usr/src/php/ext/zip -DPHP_ATOM_INC -I/usr/src/php/ext/zip/include -I/usr/src/php/ext/zip/main -I/usr/src/php/ext/zip -I/usr/local/include/php -I/usr/local/include/php/main -I/usr/local/include/php/TSRM -I/usr/local/include/php/Zend -I/usr/local/include/php/ext -I/usr/local/include/php/ext/date/lib -fstack-protector-strong -fpic -fpie -O2 -D_LARGEFILE_SOURCE -D_FILE_OFFSET_BITS=64 -DHAVE_CONFIG_H -fstack-protector-strong -fpic -fpie -O2 -D_LARGEFILE_SOURCE -D_FILE_OFFSET_BITS=64 -c /usr/src/php/ext/zip/zip_stream.c  -fPIC -DPIC -o .libs/zip_stream.o
/bin/bash /usr/src/php/ext/zip/libtool --mode=link cc -DPHP_ATOM_INC -I/usr/src/php/ext/zip/include -I/usr/src/php/ext/zip/main -I/usr/src/php/ext/zip -I/usr/local/include/php -I/usr/local/include/php/main -I/usr/local/include/php/TSRM -I/usr/local/include/php/Zend -I/usr/local/include/php/ext -I/usr/local/include/php/ext/date/lib  -fstack-protector-strong -fpic -fpie -O2 -D_LARGEFILE_SOURCE -D_FILE_OFFSET_BITS=64 -DHAVE_CONFIG_H  -fstack-protector-strong -fpic -fpie -O2 -D_LARGEFILE_SOURCE -D_FILE_OFFSET_BITS=64  -Wl,-O1 -pie  -o zip.la -export-dynamic -avoid-version -prefer-pic -module -rpath /usr/src/php/ext/zip/modules  php_zip.lo zip_stream.lo -lzip
cc -shared  .libs/php_zip.o .libs/zip_stream.o  -lzip  -Wl,-O1 -Wl,-soname -Wl,zip.so -o .libs/zip.so
creating zip.la
(cd .libs && rm -f zip.la && ln -s ../zip.la zip.la)
/bin/bash /usr/src/php/ext/zip/libtool --mode=install cp ./zip.la /usr/src/php/ext/zip/modules
cp ./.libs/zip.so /usr/src/php/ext/zip/modules/zip.so
cp ./.libs/zip.lai /usr/src/php/ext/zip/modules/zip.la
PATH="$PATH:/sbin" ldconfig -n /usr/src/php/ext/zip/modules
----------------------------------------------------------------------
Libraries have been installed in:
   /usr/src/php/ext/zip/modules

If you ever happen to want to link against installed libraries
in a given directory, LIBDIR, you must either use libtool, and
specify the full pathname of the library, or use the `-LLIBDIR'
flag during linking and do at least one of the following:
   - add LIBDIR to the `LD_LIBRARY_PATH' environment variable
     during execution
   - add LIBDIR to the `LD_RUN_PATH' environment variable
     during linking
   - use the `-Wl,--rpath -Wl,LIBDIR' linker flag
   - have your system administrator add LIBDIR to `/etc/ld.so.conf'

See any operating system documentation about shared libraries for
more information, such as the ld(1) and ld.so(8) manual pages.
----------------------------------------------------------------------

Build complete.
Don't forget to run 'make test'.

Installing shared extensions:     /usr/local/lib/php/extensions/no-debug-non-zts-20190902/
find . -name \*.gcno -o -name \*.gcda | xargs rm -f
find . -name \*.lo -o -name \*.o | xargs rm -f
find . -name \*.la -o -name \*.a | xargs rm -f
find . -name \*.so | xargs rm -f
find . -name .libs -a -type d|xargs rm -rf
rm -f libphp.la      modules/* libs/*
Removing intermediate container fc50267791b7
 ---> b9d1e8140f97

Successfully built b9d1e8140f97
Successfully tagged suitecrm_mono:latest
Sleep de 10s
Finalização da rodada DEPLOY APP (suitecrm) e DB (mariaDB) em: 2021-09-14 às 14:21:05
