Começo dos testes STOP (Build + start) em: 2021-09-14 às 20:01:28
Inicialização APP (suitecrm) em: 2021-09-14 às 20:01:28
Bringing machine 'app_suitecrm' up with 'virtualbox' provider...
==> app_suitecrm: Importing base box 'ubuntu/focal64'...
[KProgress: 90%[K==> app_suitecrm: Matching MAC address for NAT networking...
==> app_suitecrm: Checking if box 'ubuntu/focal64' version '20210831.0.0' is up to date...
==> app_suitecrm: Setting the name of the VM: app_suitecrm
==> app_suitecrm: Clearing any previously set network interfaces...
==> app_suitecrm: Preparing network interfaces based on configuration...
    app_suitecrm: Adapter 1: nat
    app_suitecrm: Adapter 2: bridged
==> app_suitecrm: Forwarding ports...
    app_suitecrm: 22 (guest) => 2222 (host) (adapter 1)
==> app_suitecrm: Running 'pre-boot' VM customizations...
==> app_suitecrm: Booting VM...
==> app_suitecrm: Waiting for machine to boot. This may take a few minutes...
    app_suitecrm: SSH address: 127.0.0.1:2222
    app_suitecrm: SSH username: vagrant
    app_suitecrm: SSH auth method: private key
    app_suitecrm: Warning: Connection reset. Retrying...
    app_suitecrm: Warning: Remote connection disconnect. Retrying...
    app_suitecrm: 
    app_suitecrm: Vagrant insecure key detected. Vagrant will automatically replace
    app_suitecrm: this with a newly generated keypair for better security.
    app_suitecrm: 
    app_suitecrm: Inserting generated public key within guest...
    app_suitecrm: Removing insecure key from the guest if it's present...
    app_suitecrm: Key inserted! Disconnecting and reconnecting using new SSH key...
==> app_suitecrm: Machine booted and ready!
==> app_suitecrm: Checking for guest additions in VM...
==> app_suitecrm: Configuring and enabling network interfaces...
Sleep de 10s
Inicialização DB (mariaDB) em: 2021-09-14 às 20:02:37
Bringing machine 'db_suitecrm' up with 'virtualbox' provider...
==> db_suitecrm: Importing base box 'ubuntu/focal64'...
[KProgress: 90%[K==> db_suitecrm: Matching MAC address for NAT networking...
==> db_suitecrm: Checking if box 'ubuntu/focal64' version '20210831.0.0' is up to date...
==> db_suitecrm: Setting the name of the VM: db_suitecrm
==> db_suitecrm: Fixed port collision for 22 => 2222. Now on port 2200.
==> db_suitecrm: Clearing any previously set network interfaces...
==> db_suitecrm: Preparing network interfaces based on configuration...
    db_suitecrm: Adapter 1: nat
    db_suitecrm: Adapter 2: bridged
==> db_suitecrm: Forwarding ports...
    db_suitecrm: 22 (guest) => 2200 (host) (adapter 1)
==> db_suitecrm: Running 'pre-boot' VM customizations...
==> db_suitecrm: Booting VM...
==> db_suitecrm: Waiting for machine to boot. This may take a few minutes...
    db_suitecrm: SSH address: 127.0.0.1:2200
    db_suitecrm: SSH username: vagrant
    db_suitecrm: SSH auth method: private key
    db_suitecrm: Warning: Connection reset. Retrying...
    db_suitecrm: Warning: Remote connection disconnect. Retrying...
    db_suitecrm: 
    db_suitecrm: Vagrant insecure key detected. Vagrant will automatically replace
    db_suitecrm: this with a newly generated keypair for better security.
    db_suitecrm: 
    db_suitecrm: Inserting generated public key within guest...
    db_suitecrm: Removing insecure key from the guest if it's present...
    db_suitecrm: Key inserted! Disconnecting and reconnecting using new SSH key...
==> db_suitecrm: Machine booted and ready!
==> db_suitecrm: Checking for guest additions in VM...
==> db_suitecrm: Configuring and enabling network interfaces...
Sleep de 10s
Finalização da rodada CREATE APP (suitecrm) e DB (mariaDB) em: 2021-09-14 às 20:03:46
